<?xml version="1.0" encoding="UTF-8"?>
<testsuite name="google.PesquisaGoogle" tests="6" skipped="0" failures="0" errors="0" timestamp="2022-04-20T17:34:09" hostname="DESKTOP-T9ITH8T" time="60.998">
  <properties/>
  <testcase name="pesquisaProduto[0]" classname="google.PesquisaGoogle" time="10.022"/>
  <testcase name="pesquisaProduto[1]" classname="google.PesquisaGoogle" time="10.886"/>
  <testcase name="pesquisaProduto[2]" classname="google.PesquisaGoogle" time="8.694"/>
  <testcase name="pesquisaProduto[3]" classname="google.PesquisaGoogle" time="11.949"/>
  <testcase name="pesquisaProduto[4]" classname="google.PesquisaGoogle" time="8.437"/>
  <testcase name="pesquisaProduto[5]" classname="google.PesquisaGoogle" time="11.009"/>
  <system-out><![CDATA[]]></system-out>
  <system-err><![CDATA[Starting ChromeDriver 100.0.4896.60 (6a5d10861ce8de5fce22564658033b43cb7de047-refs/branch-heads/4896@{#875}) on port 25403
Only local connections are allowed.
Please see https://chromedriver.chromium.org/security-considerations for suggestions on keeping ChromeDriver safe.
ChromeDriver was started successfully.
abr 20, 2022 2:34:11 PM org.openqa.selenium.remote.ProtocolHandshake createSession
INFORMAÇÕES: Detected dialect: W3C
Starting MSEdgeDriver 100.0.1185.44 (a485c16d1ab76394f5d7397e15c0d7583d5259c1) on port 40245
Only local connections are allowed.
Please see https://chromedriver.chromium.org/security-considerations for suggestions on keeping MSEdgeDriver safe.
MSEdgeDriver was started successfully.
abr 20, 2022 2:34:22 PM org.openqa.selenium.remote.ProtocolHandshake createSession
INFORMAÇÕES: Detected dialect: W3C
Starting ChromeDriver 100.0.4896.60 (6a5d10861ce8de5fce22564658033b43cb7de047-refs/branch-heads/4896@{#875}) on port 32216
Only local connections are allowed.
Please see https://chromedriver.chromium.org/security-considerations for suggestions on keeping ChromeDriver safe.
ChromeDriver was started successfully.
abr 20, 2022 2:34:32 PM org.openqa.selenium.remote.ProtocolHandshake createSession
INFORMAÇÕES: Detected dialect: W3C
Starting MSEdgeDriver 100.0.1185.44 (a485c16d1ab76394f5d7397e15c0d7583d5259c1) on port 1581
Only local connections are allowed.
Please see https://chromedriver.chromium.org/security-considerations for suggestions on keeping MSEdgeDriver safe.
MSEdgeDriver was started successfully.
abr 20, 2022 2:34:42 PM org.openqa.selenium.remote.ProtocolHandshake createSession
INFORMAÇÕES: Detected dialect: W3C
Starting ChromeDriver 100.0.4896.60 (6a5d10861ce8de5fce22564658033b43cb7de047-refs/branch-heads/4896@{#875}) on port 34833
Only local connections are allowed.
Please see https://chromedriver.chromium.org/security-considerations for suggestions on keeping ChromeDriver safe.
ChromeDriver was started successfully.
abr 20, 2022 2:34:52 PM org.openqa.selenium.remote.ProtocolHandshake createSession
INFORMAÇÕES: Detected dialect: W3C
Starting MSEdgeDriver 100.0.1185.44 (a485c16d1ab76394f5d7397e15c0d7583d5259c1) on port 47078
Only local connections are allowed.
Please see https://chromedriver.chromium.org/security-considerations for suggestions on keeping MSEdgeDriver safe.
MSEdgeDriver was started successfully.
abr 20, 2022 2:35:03 PM org.openqa.selenium.remote.ProtocolHandshake createSession
INFORMAÇÕES: Detected dialect: W3C
]]></system-err>
</testsuite>
